<?xml version="1.0" encoding="UTF-8"?>
<!-- Generated by org.testng.reporters.JUnitReportReporter -->
<testsuite hostname="DESKTOP-GMDKN95" failures="0" tests="2" name="com.uiautomation.framework.runner.Runner" time="59.961" errors="0" timestamp="18 May 2021 17:32:48 GMT" skipped="0">
  <testcase classname="com.uiautomation.framework.runner.Runner" name="runScenario" time="39.901"/>
  <testcase classname="com.uiautomation.framework.runner.Runner" name="runScenario" time="20.060"/>
</testsuite> <!-- com.uiautomation.framework.runner.Runner -->
